# JRE version: OpenJDK Runtime Environment (18.0.2.1+1) (build 18.0.2.1+1-1)
# Java VM: OpenJDK 64-Bit Server VM (18.0.2.1+1-1, mixed mode, sharing, tiered, compressed oops, compressed class ptrs, g1 gc, linux-amd64)
GC Precious Log:
 CardTable entry size: 512
 Card Set container configuration: InlinePtr #cards 5 size 8 Array Of Cards #cards 12 size 40 Howl #buckets 4 coarsen threshold 1843 Howl Bitmap #cards 512 size 80 coarsen threshold 460 Card regions per heap region 1 cards per card region 2048
 CPUs: 4 total, 4 available
 Memory: 7640M
 Large Page Support: Disabled
 NUMA Support: Disabled
 Compressed Oops: Enabled (32-bit)
 Heap Region Size: 1M
 Heap Min Capacity: 8M
 Heap Initial Capacity: 120M
 Heap Max Capacity: 1912M
 Pre-touch: Disabled
 Parallel Workers: 4
 Concurrent Workers: 1
 Concurrent Refinement Workers: 4
 Periodic GC: Disabled
Heap:
 garbage-first heap   total 424960K, used 165471K [0x0000000088800000, 0x0000000100000000)
  region size 1024K, 49 young (50176K), 1 survivors (1024K)
 Metaspace       used 24447K, committed 24832K, reserved 1114112K
  class space    used 3216K, committed 3392K, reserved 1048576K
GC Heap History (20 events):
Event: 2.634 GC heap before
{Heap before GC invocations=3 (full 0):
 garbage-first heap   total 131072K, used 66783K [0x0000000088800000, 0x0000000100000000)
  region size 1024K, 12 young (12288K), 8 survivors (8192K)
 Metaspace       used 14936K, committed 15296K, reserved 1114112K
  class space    used 1957K, committed 2176K, reserved 1048576K
}
Event: 2.641 GC heap after
{Heap after GC invocations=4 (full 0):
 garbage-first heap   total 131072K, used 65661K [0x0000000088800000, 0x0000000100000000)
  region size 1024K, 1 young (1024K), 1 survivors (1024K)
 Metaspace       used 14936K, committed 15296K, reserved 1114112K
  class space    used 1957K, committed 2176K, reserved 1048576K
}
Event: 2.686 GC heap before
{Heap before GC invocations=5 (full 0):
 garbage-first heap   total 131072K, used 65661K [0x0000000088800000, 0x0000000100000000)
  region size 1024K, 3 young (3072K), 1 survivors (1024K)
 Metaspace       used 15168K, committed 15552K, reserved 1114112K
  class space    used 1988K, committed 2176K, reserved 1048576K
}
Event: 2.692 GC heap after
{Heap after GC invocations=6 (full 0):
 garbage-first heap   total 131072K, used 58108K [0x0000000088800000, 0x0000000100000000)
  region size 1024K, 1 young (1024K), 1 survivors (1024K)
 Metaspace       used 15168K, committed 15552K, reserved 1114112K
  class space    used 1988K, committed 2176K, reserved 1048576K
}
Event: 3.167 GC heap before
{Heap before GC invocations=7 (full 0):
 garbage-first heap   total 131072K, used 109984K [0x0000000088800000, 0x0000000100000000)
  region size 1024K, 34 young (34816K), 1 survivors (1024K)
 Metaspace       used 19184K, committed 19520K, reserved 1114112K
  class space    used 2429K, committed 2560K, reserved 1048576K
}
Event: 3.169 GC heap after
{Heap after GC invocations=8 (full 0):
 garbage-first heap   total 131072K, used 58866K [0x0000000088800000, 0x0000000100000000)
  region size 1024K, 2 young (2048K), 2 survivors (2048K)
 Metaspace       used 19184K, committed 19520K, reserved 1114112K
  class space    used 2429K, committed 2560K, reserved 1048576K
}
Event: 3.194 GC heap before
{Heap before GC invocations=8 (full 0):
 garbage-first heap   total 131072K, used 61938K [0x0000000088800000, 0x0000000100000000)
  region size 1024K, 6 young (6144K), 2 survivors (2048K)
 Metaspace       used 19264K, committed 19584K, reserved 1114112K
  class space    used 2438K, committed 2560K, reserved 1048576K
}
Event: 3.196 GC heap after
{Heap after GC invocations=9 (full 0):
 garbage-first heap   total 131072K, used 58275K [0x0000000088800000, 0x0000000100000000)
  region size 1024K, 1 young (1024K), 1 survivors (1024K)
 Metaspace       used 19264K, committed 19584K, reserved 1114112K
  class space    used 2438K, committed 2560K, reserved 1048576K
}
Event: 3.222 GC heap before
{Heap before GC invocations=9 (full 0):
 garbage-first heap   total 131072K, used 65443K [0x0000000088800000, 0x0000000100000000)
  region size 1024K, 9 young (9216K), 1 survivors (1024K)
 Metaspace       used 19325K, committed 19648K, reserved 1114112K
  class space    used 2438K, committed 2560K, reserved 1048576K
}
Event: 3.224 GC heap after
{Heap after GC invocations=10 (full 0):
 garbage-first heap   total 131072K, used 61692K [0x0000000088800000, 0x0000000100000000)
  region size 1024K, 4 young (4096K), 4 survivors (4096K)
 Metaspace       used 19325K, committed 19648K, reserved 1114112K
  class space    used 2438K, committed 2560K, reserved 1048576K
}
Event: 3.842 GC heap before
{Heap before GC invocations=11 (full 0):
 garbage-first heap   total 142336K, used 139516K [0x0000000088800000, 0x0000000100000000)
  region size 1024K, 30 young (30720K), 4 survivors (4096K)
 Metaspace       used 22292K, committed 22592K, reserved 1114112K
  class space    used 2991K, committed 3136K, reserved 1048576K
}
Event: 3.845 GC heap after
{Heap after GC invocations=12 (full 0):
 garbage-first heap   total 148480K, used 111745K [0x0000000088800000, 0x0000000100000000)
  region size 1024K, 4 young (4096K), 4 survivors (4096K)
 Metaspace       used 22292K, committed 22592K, reserved 1114112K
  class space    used 2991K, committed 3136K, reserved 1048576K
}
Event: 3.914 GC heap before
{Heap before GC invocations=12 (full 0):
 garbage-first heap   total 148480K, used 116865K [0x0000000088800000, 0x0000000100000000)
  region size 1024K, 7 young (7168K), 4 survivors (4096K)
 Metaspace       used 22902K, committed 23296K, reserved 1114112K
  class space    used 3056K, committed 3200K, reserved 1048576K
}
Event: 3.918 GC heap after
{Heap after GC invocations=13 (full 0):
 garbage-first heap   total 148480K, used 113329K [0x0000000088800000, 0x0000000100000000)
  region size 1024K, 1 young (1024K), 1 survivors (1024K)
 Metaspace       used 22902K, committed 23296K, reserved 1114112K
  class space    used 3056K, committed 3200K, reserved 1048576K
}
Event: 18.974 GC heap before
{Heap before GC invocations=13 (full 0):
 garbage-first heap   total 148480K, used 117425K [0x0000000088800000, 0x0000000100000000)
  region size 1024K, 7 young (7168K), 1 survivors (1024K)
 Metaspace       used 24260K, committed 24640K, reserved 1114112K
  class space    used 3216K, committed 3392K, reserved 1048576K
}
Event: 18.977 GC heap after
{Heap after GC invocations=14 (full 0):
 garbage-first heap   total 148480K, used 113998K [0x0000000088800000, 0x0000000100000000)
  region size 1024K, 2 young (2048K), 2 survivors (2048K)
 Metaspace       used 24260K, committed 24640K, reserved 1114112K
  class space    used 3216K, committed 3392K, reserved 1048576K
}
Event: 19.027 GC heap before
{Heap before GC invocations=15 (full 0):
 garbage-first heap   total 232448K, used 148814K [0x0000000088800000, 0x0000000100000000)
  region size 1024K, 12 young (12288K), 2 survivors (2048K)
 Metaspace       used 24281K, committed 24640K, reserved 1114112K
  class space    used 3216K, committed 3392K, reserved 1048576K
}
Event: 19.030 GC heap after
{Heap after GC invocations=16 (full 0):
 garbage-first heap   total 232448K, used 120285K [0x0000000088800000, 0x0000000100000000)
  region size 1024K, 1 young (1024K), 1 survivors (1024K)
 Metaspace       used 24281K, committed 24640K, reserved 1114112K
  class space    used 3216K, committed 3392K, reserved 1048576K
}
Event: 19.071 GC heap before
{Heap before GC invocations=16 (full 0):
 garbage-first heap   total 232448K, used 129501K [0x0000000088800000, 0x0000000100000000)
  region size 1024K, 11 young (11264K), 1 survivors (1024K)
 Metaspace       used 24331K, committed 24704K, reserved 1114112K
  class space    used 3216K, committed 3392K, reserved 1048576K
}
Event: 19.073 GC heap after
{Heap after GC invocations=17 (full 0):
 garbage-first heap   total 424960K, used 113247K [0x0000000088800000, 0x0000000100000000)
  region size 1024K, 1 young (1024K), 1 survivors (1024K)
 Metaspace       used 24331K, committed 24704K, reserved 1114112K
  class space    used 3216K, committed 3392K, reserved 1048576K
}

