# JRE version: OpenJDK Runtime Environment (18.0.2.1+1) (build 18.0.2.1+1-1)
# Java VM: OpenJDK 64-Bit Server VM (18.0.2.1+1-1, mixed mode, sharing, tiered, compressed oops, compressed class ptrs, g1 gc, linux-amd64)
GC Precious Log:
 CardTable entry size: 512
 Card Set container configuration: InlinePtr #cards 5 size 8 Array Of Cards #cards 12 size 40 Howl #buckets 4 coarsen threshold 1843 Howl Bitmap #cards 512 size 80 coarsen threshold 460 Card regions per heap region 1 cards per card region 2048
 CPUs: 4 total, 4 available
 Memory: 7640M
 Large Page Support: Disabled
 NUMA Support: Disabled
 Compressed Oops: Enabled (32-bit)
 Heap Region Size: 1M
 Heap Min Capacity: 8M
 Heap Initial Capacity: 120M
 Heap Max Capacity: 1912M
 Pre-touch: Disabled
 Parallel Workers: 4
 Concurrent Workers: 1
 Concurrent Refinement Workers: 4
 Periodic GC: Disabled
Heap:
 garbage-first heap   total 380928K, used 140353K [0x0000000088800000, 0x0000000100000000)
  region size 1024K, 24 young (24576K), 5 survivors (5120K)
 Metaspace       used 24719K, committed 25088K, reserved 1114112K
  class space    used 3214K, committed 3392K, reserved 1048576K
GC Heap History (20 events):
Event: 1.205 GC heap before
{Heap before GC invocations=1 (full 0):
 garbage-first heap   total 124928K, used 23984K [0x0000000088800000, 0x0000000100000000)
  region size 1024K, 18 young (18432K), 2 survivors (2048K)
 Metaspace       used 7759K, committed 7936K, reserved 1114112K
  class space    used 946K, committed 1024K, reserved 1048576K
}
Event: 1.220 GC heap after
{Heap after GC invocations=2 (full 0):
 garbage-first heap   total 124928K, used 10983K [0x0000000088800000, 0x0000000100000000)
  region size 1024K, 3 young (3072K), 3 survivors (3072K)
 Metaspace       used 7759K, committed 7936K, reserved 1114112K
  class space    used 946K, committed 1024K, reserved 1048576K
}
Event: 3.038 GC heap before
{Heap before GC invocations=2 (full 0):
 garbage-first heap   total 124928K, used 121575K [0x0000000088800000, 0x0000000100000000)
  region size 1024K, 69 young (70656K), 3 survivors (3072K)
 Metaspace       used 15284K, committed 15680K, reserved 1114112K
  class space    used 1988K, committed 2176K, reserved 1048576K
}
Event: 3.045 GC heap after
{Heap after GC invocations=3 (full 0):
 garbage-first heap   total 132096K, used 49664K [0x0000000088800000, 0x0000000100000000)
  region size 1024K, 7 young (7168K), 7 survivors (7168K)
 Metaspace       used 15284K, committed 15680K, reserved 1114112K
  class space    used 1988K, committed 2176K, reserved 1048576K
}
Event: 3.180 GC heap before
{Heap before GC invocations=3 (full 0):
 garbage-first heap   total 132096K, used 75264K [0x0000000088800000, 0x0000000100000000)
  region size 1024K, 18 young (18432K), 7 survivors (7168K)
 Metaspace       used 16401K, committed 16704K, reserved 1114112K
  class space    used 2098K, committed 2240K, reserved 1048576K
}
Event: 3.187 GC heap after
{Heap after GC invocations=4 (full 0):
 garbage-first heap   total 132096K, used 53364K [0x0000000088800000, 0x0000000100000000)
  region size 1024K, 1 young (1024K), 1 survivors (1024K)
 Metaspace       used 16401K, committed 16704K, reserved 1114112K
  class space    used 2098K, committed 2240K, reserved 1048576K
}
Event: 3.620 GC heap before
{Heap before GC invocations=4 (full 0):
 garbage-first heap   total 132096K, used 101492K [0x0000000088800000, 0x0000000100000000)
  region size 1024K, 45 young (46080K), 1 survivors (1024K)
 Metaspace       used 19459K, committed 19840K, reserved 1114112K
  class space    used 2440K, committed 2624K, reserved 1048576K
}
Event: 3.623 GC heap after
{Heap after GC invocations=5 (full 0):
 garbage-first heap   total 132096K, used 56072K [0x0000000088800000, 0x0000000100000000)
  region size 1024K, 6 young (6144K), 6 survivors (6144K)
 Metaspace       used 19459K, committed 19840K, reserved 1114112K
  class space    used 2440K, committed 2624K, reserved 1048576K
}
Event: 3.750 GC heap before
{Heap before GC invocations=5 (full 0):
 garbage-first heap   total 132096K, used 76552K [0x0000000088800000, 0x0000000100000000)
  region size 1024K, 26 young (26624K), 6 survivors (6144K)
 Metaspace       used 21206K, committed 21504K, reserved 1114112K
  class space    used 2733K, committed 2880K, reserved 1048576K
}
Event: 3.753 GC heap after
{Heap after GC invocations=6 (full 0):
 garbage-first heap   total 132096K, used 60655K [0x0000000088800000, 0x0000000100000000)
  region size 1024K, 6 young (6144K), 6 survivors (6144K)
 Metaspace       used 21206K, committed 21504K, reserved 1114112K
  class space    used 2733K, committed 2880K, reserved 1048576K
}
Event: 30.824 GC heap before
{Heap before GC invocations=7 (full 0):
 garbage-first heap   total 141312K, used 139503K [0x0000000088800000, 0x0000000100000000)
  region size 1024K, 22 young (22528K), 6 survivors (6144K)
 Metaspace       used 24504K, committed 24832K, reserved 1114112K
  class space    used 3213K, committed 3392K, reserved 1048576K
}
Event: 30.830 GC heap after
{Heap after GC invocations=8 (full 0):
 garbage-first heap   total 147456K, used 116726K [0x0000000088800000, 0x0000000100000000)
  region size 1024K, 3 young (3072K), 3 survivors (3072K)
 Metaspace       used 24504K, committed 24832K, reserved 1114112K
  class space    used 3213K, committed 3392K, reserved 1048576K
}
Event: 30.844 GC heap before
{Heap before GC invocations=8 (full 0):
 garbage-first heap   total 147456K, used 130038K [0x0000000088800000, 0x0000000100000000)
  region size 1024K, 7 young (7168K), 3 survivors (3072K)
 Metaspace       used 24514K, committed 24832K, reserved 1114112K
  class space    used 3213K, committed 3392K, reserved 1048576K
}
Event: 30.847 GC heap after
{Heap after GC invocations=9 (full 0):
 garbage-first heap   total 147456K, used 120266K [0x0000000088800000, 0x0000000100000000)
  region size 1024K, 1 young (1024K), 1 survivors (1024K)
 Metaspace       used 24514K, committed 24832K, reserved 1114112K
  class space    used 3213K, committed 3392K, reserved 1048576K
}
Event: 30.862 GC heap before
{Heap before GC invocations=9 (full 0):
 garbage-first heap   total 147456K, used 124362K [0x0000000088800000, 0x0000000100000000)
  region size 1024K, 6 young (6144K), 1 survivors (1024K)
 Metaspace       used 24525K, committed 24896K, reserved 1114112K
  class space    used 3213K, committed 3392K, reserved 1048576K
}
Event: 30.863 GC heap after
{Heap after GC invocations=10 (full 0):
 garbage-first heap   total 147456K, used 113464K [0x0000000088800000, 0x0000000100000000)
  region size 1024K, 1 young (1024K), 1 survivors (1024K)
 Metaspace       used 24525K, committed 24896K, reserved 1114112K
  class space    used 3213K, committed 3392K, reserved 1048576K
}
Event: 30.921 GC heap before
{Heap before GC invocations=11 (full 0):
 garbage-first heap   total 215040K, used 129848K [0x0000000088800000, 0x0000000100000000)
  region size 1024K, 11 young (11264K), 1 survivors (1024K)
 Metaspace       used 24570K, committed 24960K, reserved 1114112K
  class space    used 3213K, committed 3392K, reserved 1048576K
}
Event: 30.922 GC heap after
{Heap after GC invocations=12 (full 0):
 garbage-first heap   total 215040K, used 113596K [0x0000000088800000, 0x0000000100000000)
  region size 1024K, 1 young (1024K), 1 survivors (1024K)
 Metaspace       used 24570K, committed 24960K, reserved 1114112K
  class space    used 3213K, committed 3392K, reserved 1048576K
}
Event: 30.980 GC heap before
{Heap before GC invocations=12 (full 0):
 garbage-first heap   total 215040K, used 145340K [0x0000000088800000, 0x0000000100000000)
  region size 1024K, 34 young (34816K), 1 survivors (1024K)
 Metaspace       used 24658K, committed 25024K, reserved 1114112K
  class space    used 3213K, committed 3392K, reserved 1048576K
}
Event: 30.982 GC heap after
{Heap after GC invocations=13 (full 0):
 garbage-first heap   total 380928K, used 117825K [0x0000000088800000, 0x0000000100000000)
  region size 1024K, 5 young (5120K), 5 survivors (5120K)
 Metaspace       used 24658K, committed 25024K, reserved 1114112K
  class space    used 3213K, committed 3392K, reserved 1048576K
}

